Copyright 1986-2019 Xilinx, Inc. All Rights Reserved.
----------------------------------------------------------------------------------------------------------------------------------
| Tool Version     : Vivado v.2019.2 (lin64) Build 2708876 Wed Nov  6 21:39:14 MST 2019
| Date             : Wed Mar 10 21:24:23 2021
| Host             : students running 64-bit Ubuntu 18.04.2 LTS
| Command          : report_power -file fpga_power_routed.rpt -pb fpga_power_summary_routed.pb -rpx fpga_power_routed.rpx
| Design           : fpga
| Device           : xc7a35tcsg324-1
| Design State     : routed
| Grade            : commercial
| Process          : typical
| Characterization : Production
----------------------------------------------------------------------------------------------------------------------------------

Power Report

Table of Contents
-----------------
1. Summary
1.1 On-Chip Components
1.2 Power Supply Summary
1.3 Confidence Level
2. Settings
2.1 Environment
2.2 Clock Constraints
3. Detailed Reports
3.1 By Hierarchy

1. Summary
----------

+--------------------------+--------------+
| Total On-Chip Power (W)  | 0.222        |
| Design Power Budget (W)  | Unspecified* |
| Power Budget Margin (W)  | NA           |
| Dynamic (W)              | 0.149        |
| Device Static (W)        | 0.072        |
| Effective TJA (C/W)      | 4.8          |
| Max Ambient (C)          | 83.9         |
| Junction Temperature (C) | 26.1         |
| Confidence Level         | Medium       |
| Setting File             | ---          |
| Simulation Activity File | ---          |
| Design Nets Matched      | NA           |
+--------------------------+--------------+
* Specify Design Power Budget using, set_operating_conditions -design_power_budget <value in Watts>


1.1 On-Chip Components
----------------------

+--------------------------+-----------+----------+-----------+-----------------+
| On-Chip                  | Power (W) | Used     | Available | Utilization (%) |
+--------------------------+-----------+----------+-----------+-----------------+
| Clocks                   |     0.011 |        8 |       --- |             --- |
| Slice Logic              |     0.006 |     5386 |       --- |             --- |
|   LUT as Logic           |     0.005 |     1774 |     20800 |            8.53 |
|   CARRY4                 |    <0.001 |      207 |      8150 |            2.54 |
|   Register               |    <0.001 |     2801 |     41600 |            6.73 |
|   LUT as Distributed RAM |    <0.001 |      110 |      9600 |            1.15 |
|   F7/F8 Muxes            |    <0.001 |       19 |     32600 |            0.06 |
|   Others                 |     0.000 |       63 |       --- |             --- |
| Signals                  |     0.009 |     4485 |       --- |             --- |
| Block RAM                |     0.012 |        8 |        50 |           16.00 |
| MMCM                     |     0.106 |        1 |         5 |           20.00 |
| I/O                      |     0.004 |       34 |       210 |           16.19 |
| Static Power             |     0.072 |          |           |                 |
| Total                    |     0.222 |          |           |                 |
+--------------------------+-----------+----------+-----------+-----------------+


1.2 Power Supply Summary
------------------------

+-----------+-------------+-----------+-------------+------------+
| Source    | Voltage (V) | Total (A) | Dynamic (A) | Static (A) |
+-----------+-------------+-----------+-------------+------------+
| Vccint    |       1.000 |     0.049 |       0.039 |      0.010 |
| Vccaux    |       1.800 |     0.071 |       0.059 |      0.013 |
| Vcco33    |       3.300 |     0.002 |       0.001 |      0.001 |
| Vcco25    |       2.500 |     0.000 |       0.000 |      0.000 |
| Vcco18    |       1.800 |     0.000 |       0.000 |      0.000 |
| Vcco15    |       1.500 |     0.000 |       0.000 |      0.000 |
| Vcco135   |       1.350 |     0.000 |       0.000 |      0.000 |
| Vcco12    |       1.200 |     0.000 |       0.000 |      0.000 |
| Vccaux_io |       1.800 |     0.000 |       0.000 |      0.000 |
| Vccbram   |       1.000 |     0.001 |       0.001 |      0.000 |
| MGTAVcc   |       1.000 |     0.000 |       0.000 |      0.000 |
| MGTAVtt   |       1.200 |     0.000 |       0.000 |      0.000 |
| Vccadc    |       1.800 |     0.020 |       0.000 |      0.020 |
+-----------+-------------+-----------+-------------+------------+


1.3 Confidence Level
--------------------

+-----------------------------+------------+-------------------------------------------------------+------------------------------------------------------------------------------------------------------------+
| User Input Data             | Confidence | Details                                               | Action                                                                                                     |
+-----------------------------+------------+-------------------------------------------------------+------------------------------------------------------------------------------------------------------------+
| Design implementation state | High       | Design is routed                                      |                                                                                                            |
| Clock nodes activity        | High       | User specified more than 95% of clocks                |                                                                                                            |
| I/O nodes activity          | Medium     | More than 5% of inputs are missing user specification | Provide missing input activity with simulation results or by editing the "By Resource Type -> I/Os" view   |
| Internal nodes activity     | Medium     | User specified less than 25% of internal nodes        | Provide missing internal nodes activity with simulation results or by editing the "By Resource Type" views |
| Device models               | High       | Device models are Production                          |                                                                                                            |
|                             |            |                                                       |                                                                                                            |
| Overall confidence level    | Medium     |                                                       |                                                                                                            |
+-----------------------------+------------+-------------------------------------------------------+------------------------------------------------------------------------------------------------------------+


2. Settings
-----------

2.1 Environment
---------------

+-----------------------+--------------------------+
| Ambient Temp (C)      | 25.0                     |
| ThetaJA (C/W)         | 4.8                      |
| Airflow (LFM)         | 250                      |
| Heat Sink             | medium (Medium Profile)  |
| ThetaSA (C/W)         | 4.6                      |
| Board Selection       | medium (10"x10")         |
| # of Board Layers     | 12to15 (12 to 15 Layers) |
| Board Temperature (C) | 25.0                     |
+-----------------------+--------------------------+


2.2 Clock Constraints
---------------------

+--------------------+--------------------+-----------------+
| Clock              | Domain             | Constraint (ns) |
+--------------------+--------------------+-----------------+
| clk                | clk                |            10.0 |
| clk_25mhz_mmcm_out | clk_25mhz_mmcm_out |            40.0 |
| clk_mmcm_out       | clk_mmcm_out       |             8.0 |
| mmcm_clkfb         | mmcm_clkfb         |            10.0 |
| phy_rx_clk         | phy_rx_clk         |            40.0 |
| phy_tx_clk         | phy_tx_clk         |            40.0 |
+--------------------+--------------------+-----------------+


3. Detailed Reports
-------------------

3.1 By Hierarchy
----------------

+---------------------------+-----------+
| Name                      | Power (W) |
+---------------------------+-----------+
| fpga                      |     0.149 |
|   core_inst               |     0.039 |
|     eth_axis_rx_inst      |     0.002 |
|     eth_mac_inst          |     0.008 |
|       eth_mac_1g_mii_inst |     0.001 |
|       rx_fifo             |     0.005 |
|       tx_fifo             |     0.002 |
|     udp_complete_inst     |     0.028 |
|       ip_complete_inst    |     0.019 |
|       udp_inst            |     0.008 |
+---------------------------+-----------+


