Copyright 1986-2019 Xilinx, Inc. All Rights Reserved.
------------------------------------------------------------------------------------
| Tool Version : Vivado v.2019.2 (lin64) Build 2708876 Wed Nov  6 21:39:14 MST 2019
| Date         : Wed Mar 10 21:24:24 2021
| Host         : students running 64-bit Ubuntu 18.04.2 LTS
| Command      : report_clock_utilization -file fpga_clock_utilization_routed.rpt
| Design       : fpga
| Device       : 7a35t-csg324
| Speed File   : -1  PRODUCTION 1.23 2018-06-13
| Design State : Routed
------------------------------------------------------------------------------------

Clock Utilization Report

Table of Contents
-----------------
1. Clock Primitive Utilization
2. Global Clock Resources
3. Global Clock Source Details
4. Clock Regions: Key Resource Utilization
5. Clock Regions : Global Clock Summary
6. Device Cell Placement Summary for Global Clock g0
7. Device Cell Placement Summary for Global Clock g1
8. Device Cell Placement Summary for Global Clock g2
9. Device Cell Placement Summary for Global Clock g3
10. Clock Region Cell Placement per Global Clock: Region X0Y0
11. Clock Region Cell Placement per Global Clock: Region X1Y0
12. Clock Region Cell Placement per Global Clock: Region X0Y1
13. Clock Region Cell Placement per Global Clock: Region X1Y1

1. Clock Primitive Utilization
------------------------------

+----------+------+-----------+-----+--------------+--------+
| Type     | Used | Available | LOC | Clock Region | Pblock |
+----------+------+-----------+-----+--------------+--------+
| BUFGCTRL |    3 |        32 |   0 |            0 |      0 |
| BUFH     |    0 |        72 |   0 |            0 |      0 |
| BUFIO    |    1 |        20 |   1 |            0 |      0 |
| BUFMR    |    0 |        10 |   0 |            0 |      0 |
| BUFR     |    1 |        20 |   0 |            0 |      0 |
| MMCM     |    1 |         5 |   0 |            0 |      0 |
| PLL      |    0 |         5 |   0 |            0 |      0 |
+----------+------+-----------+-----+--------------+--------+


2. Global Clock Resources
-------------------------

+-----------+-----------+-----------------+------------+----------------+--------------+-------------------+-------------+-----------------+--------------+--------------------+----------------------------------------------------------------------------------------+---------------------------------------------------------------------------------+
| Global Id | Source Id | Driver Type/Pin | Constraint | Site           | Clock Region | Load Clock Region | Clock Loads | Non-Clock Loads | Clock Period | Clock              | Driver Pin                                                                             | Net                                                                             |
+-----------+-----------+-----------------+------------+----------------+--------------+-------------------+-------------+-----------------+--------------+--------------------+----------------------------------------------------------------------------------------+---------------------------------------------------------------------------------+
| g0        | src0      | BUFG/O          | None       | BUFGCTRL_X0Y18 | n/a          |                 4 |        2511 |               0 |        8.000 | clk_mmcm_out       | clk_bufg_inst/O                                                                        | clk_int                                                                         |
| g1        | src1      | BUFR/O          | None       | BUFR_X0Y5      | X0Y1         |                 1 |         203 |               0 |       40.000 | phy_rx_clk         | core_inst/eth_mac_inst/eth_mac_1g_mii_inst/mii_phy_if_inst/rx_ssio_sdr_inst/clk_bufr/O | core_inst/eth_mac_inst/eth_mac_1g_mii_inst/mii_phy_if_inst/rx_ssio_sdr_inst/CLK |
| g2        | src2      | BUFG/O          | None       | BUFGCTRL_X0Y16 | n/a          |                 2 |         140 |               0 |       40.000 | phy_tx_clk         | core_inst/eth_mac_inst/eth_mac_1g_mii_inst/mii_phy_if_inst/mii_bufg_inst/O             | core_inst/eth_mac_inst/eth_mac_1g_mii_inst/mii_phy_if_inst/phy_tx_clk           |
| g3        | src0      | BUFG/O          | None       | BUFGCTRL_X0Y17 | n/a          |                 1 |           0 |               1 |       40.000 | clk_25mhz_mmcm_out | clk_25mhz_bufg_inst/O                                                                  | phy_ref_clk_OBUF                                                                |
+-----------+-----------+-----------------+------------+----------------+--------------+-------------------+-------------+-----------------+--------------+--------------------+----------------------------------------------------------------------------------------+---------------------------------------------------------------------------------+
* Clock Loads column represents the clock pin loads (pin count)
** Non-Clock Loads column represents the non-clock pin loads (pin count)


3. Global Clock Source Details
------------------------------

+-----------+-----------+--------------------+------------+-----------------+--------------+-------------+-----------------+---------------------+--------------------+------------------------+--------------------+
| Source Id | Global Id | Driver Type/Pin    | Constraint | Site            | Clock Region | Clock Loads | Non-Clock Loads | Source Clock Period | Source Clock       | Driver Pin             | Net                |
+-----------+-----------+--------------------+------------+-----------------+--------------+-------------+-----------------+---------------------+--------------------+------------------------+--------------------+
| src0      | g3        | MMCME2_ADV/CLKOUT1 | None       | MMCME2_ADV_X1Y1 | X1Y1         |           1 |               0 |              40.000 | clk_25mhz_mmcm_out | clk_mmcm_inst/CLKOUT1  | clk_25mhz_mmcm_out |
| src0      | g0        | MMCME2_ADV/CLKOUT0 | None       | MMCME2_ADV_X1Y1 | X1Y1         |           1 |               0 |               8.000 | clk_mmcm_out       | clk_mmcm_inst/CLKOUT0  | clk_mmcm_out       |
| src1      | g1,       | IBUF/O             | IOB_X0Y72  | IOB_X0Y72       | X0Y1         |           2 |               0 |              40.000 | phy_rx_clk         | phy_rx_clk_IBUF_inst/O | phy_rx_clk_IBUF    |
| src2      | g2        | IBUF/O             | IOB_X0Y74  | IOB_X0Y74       | X0Y1         |           1 |               0 |              40.000 | phy_tx_clk         | phy_tx_clk_IBUF_inst/O | phy_tx_clk_IBUF    |
+-----------+-----------+--------------------+------------+-----------------+--------------+-------------+-----------------+---------------------+--------------------+------------------------+--------------------+
* Clock Loads column represents the clock pin loads (pin count)
** Non-Clock Loads column represents the non-clock pin loads (pin count)


4. Clock Regions: Key Resource Utilization
------------------------------------------

+-------------------+--------------+--------------+--------------+--------------+--------------+--------------+--------------+--------------+--------------+--------------+--------------+--------------+--------------+--------------+--------------+
|                   | Global Clock |     BUFRs    |    BUFMRs    |    BUFIOs    |     MMCM     |      PLL     |      GT      |      PCI     |    ILOGIC    |    OLOGIC    |      FF      |     LUTM     |    RAMB18    |    RAMB36    |    DSP48E2   |
+-------------------+------+-------+------+-------+------+-------+------+-------+------+-------+------+-------+------+-------+------+-------+------+-------+------+-------+------+-------+------+-------+------+-------+------+-------+------+-------+
| Clock Region Name | Used | Avail | Used | Avail | Used | Avail | Used | Avail | Used | Avail | Used | Avail | Used | Avail | Used | Avail | Used | Avail | Used | Avail | Used | Avail | Used | Avail | Used | Avail | Used | Avail | Used | Avail |
+-------------------+------+-------+------+-------+------+-------+------+-------+------+-------+------+-------+------+-------+------+-------+------+-------+------+-------+------+-------+------+-------+------+-------+------+-------+------+-------+
| X0Y0              |    2 |    12 |    0 |     4 |    0 |     2 |    0 |     4 |    0 |     1 |    0 |     1 |    0 |     0 |    0 |     0 |    0 |    50 |    0 |    50 | 1462 |  1200 |  607 |   400 |    0 |    20 |    4 |    10 |    0 |    20 |
| X1Y0              |    1 |    12 |    0 |     4 |    0 |     2 |    0 |     4 |    0 |     1 |    0 |     1 |    0 |     0 |    0 |     0 |    0 |    50 |    0 |    50 |  692 |  1500 |  189 |   450 |    0 |    40 |    1 |    20 |    0 |    20 |
| X0Y1              |    5 |    12 |    1 |     4 |    0 |     2 |    1 |     4 |    0 |     1 |    0 |     1 |    0 |     0 |    0 |     0 |    6 |    50 |    5 |    50 |  499 |  1200 |  164 |   400 |    0 |    20 |    1 |    10 |    0 |    20 |
| X1Y1              |    1 |    12 |    0 |     4 |    0 |     2 |    0 |     4 |    0 |     1 |    0 |     1 |    0 |     0 |    0 |     0 |    0 |    50 |    0 |    50 |  159 |  1500 |   33 |   450 |    0 |    40 |    0 |    20 |    0 |    20 |
| X0Y2              |    0 |    12 |    0 |     4 |    0 |     2 |    0 |     4 |    0 |     1 |    0 |     1 |    0 |     0 |    0 |     0 |    0 |    50 |    0 |    50 |    0 |  1800 |    0 |   400 |    0 |    20 |    0 |    10 |    0 |    20 |
| X1Y2              |    0 |    12 |    0 |     0 |    0 |     0 |    0 |     0 |    0 |     0 |    0 |     0 |    0 |     4 |    0 |     1 |    0 |     0 |    0 |     0 |    0 |   950 |    0 |   300 |    0 |    10 |    0 |     5 |    0 |    20 |
+-------------------+------+-------+------+-------+------+-------+------+-------+------+-------+------+-------+------+-------+------+-------+------+-------+------+-------+------+-------+------+-------+------+-------+------+-------+------+-------+
* Global Clock column represents track count; while other columns represents cell counts


5. Clock Regions : Global Clock Summary
---------------------------------------

All Modules
+----+----+----+
|    | X0 | X1 |
+----+----+----+
| Y2 |  0 |  0 |
| Y1 |  5 |  1 |
| Y0 |  2 |  1 |
+----+----+----+


6. Device Cell Placement Summary for Global Clock g0
----------------------------------------------------

+-----------+-----------------+-------------------+--------------+-------------+---------------+-------------+----------+----------------+----------+---------+
| Global Id | Driver Type/Pin | Driver Region (D) | Clock        | Period (ns) | Waveform (ns) | Slice Loads | IO Loads | Clocking Loads | GT Loads | Net     |
+-----------+-----------------+-------------------+--------------+-------------+---------------+-------------+----------+----------------+----------+---------+
| g0        | BUFG/O          | n/a               | clk_mmcm_out |       8.000 | {0.000 4.000} |        2477 |        0 |              0 |        0 | clk_int |
+-----------+-----------------+-------------------+--------------+-------------+---------------+-------------+----------+----------------+----------+---------+
* Slice Loads column represents load cell count of all cell types other than IO, GT and clock resources
** IO Loads column represents load cell count of IO types
*** Clocking Loads column represents load cell count that are clock resources (global clock buffer, MMCM, PLL, etc)
**** GT Loads column represents load cell count of GT types


+----+-------+------+
|    | X0    | X1   |
+----+-------+------+
| Y2 |     0 |    0 |
| Y1 |   289 |  159 |
| Y0 |  1335 |  694 |
+----+-------+------+


7. Device Cell Placement Summary for Global Clock g1
----------------------------------------------------

+-----------+-----------------+-------------------+------------+-------------+----------------+-------------+----------+----------------+----------+---------------------------------------------------------------------------------+
| Global Id | Driver Type/Pin | Driver Region (D) | Clock      | Period (ns) | Waveform (ns)  | Slice Loads | IO Loads | Clocking Loads | GT Loads | Net                                                                             |
+-----------+-----------------+-------------------+------------+-------------+----------------+-------------+----------+----------------+----------+---------------------------------------------------------------------------------+
| g1        | BUFR/O          | X0Y1              | phy_rx_clk |      40.000 | {0.000 20.000} |         203 |        0 |              0 |        0 | core_inst/eth_mac_inst/eth_mac_1g_mii_inst/mii_phy_if_inst/rx_ssio_sdr_inst/CLK |
+-----------+-----------------+-------------------+------------+-------------+----------------+-------------+----------+----------------+----------+---------------------------------------------------------------------------------+
* Slice Loads column represents load cell count of all cell types other than IO, GT and clock resources
** IO Loads column represents load cell count of IO types
*** Clocking Loads column represents load cell count that are clock resources (global clock buffer, MMCM, PLL, etc)
**** GT Loads column represents load cell count of GT types


+----+----------+----+
|    | X0       | X1 |
+----+----------+----+
| Y2 |        0 |  0 |
| Y1 |  (D) 203 |  0 |
| Y0 |        0 |  0 |
+----+----------+----+


8. Device Cell Placement Summary for Global Clock g2
----------------------------------------------------

+-----------+-----------------+-------------------+------------+-------------+----------------+-------------+----------+----------------+----------+-----------------------------------------------------------------------+
| Global Id | Driver Type/Pin | Driver Region (D) | Clock      | Period (ns) | Waveform (ns)  | Slice Loads | IO Loads | Clocking Loads | GT Loads | Net                                                                   |
+-----------+-----------------+-------------------+------------+-------------+----------------+-------------+----------+----------------+----------+-----------------------------------------------------------------------+
| g2        | BUFG/O          | n/a               | phy_tx_clk |      40.000 | {0.000 20.000} |         140 |        0 |              0 |        0 | core_inst/eth_mac_inst/eth_mac_1g_mii_inst/mii_phy_if_inst/phy_tx_clk |
+-----------+-----------------+-------------------+------------+-------------+----------------+-------------+----------+----------------+----------+-----------------------------------------------------------------------+
* Slice Loads column represents load cell count of all cell types other than IO, GT and clock resources
** IO Loads column represents load cell count of IO types
*** Clocking Loads column represents load cell count that are clock resources (global clock buffer, MMCM, PLL, etc)
**** GT Loads column represents load cell count of GT types


+----+------+----+
|    | X0   | X1 |
+----+------+----+
| Y2 |    0 |  0 |
| Y1 |    5 |  0 |
| Y0 |  135 |  0 |
+----+------+----+


9. Device Cell Placement Summary for Global Clock g3
----------------------------------------------------

+-----------+-----------------+-------------------+--------------------+-------------+----------------+-------------+----------+----------------+----------+------------------+
| Global Id | Driver Type/Pin | Driver Region (D) | Clock              | Period (ns) | Waveform (ns)  | Slice Loads | IO Loads | Clocking Loads | GT Loads | Net              |
+-----------+-----------------+-------------------+--------------------+-------------+----------------+-------------+----------+----------------+----------+------------------+
| g3        | BUFG/O          | n/a               | clk_25mhz_mmcm_out |      40.000 | {0.000 20.000} |           0 |        1 |              0 |        0 | phy_ref_clk_OBUF |
+-----------+-----------------+-------------------+--------------------+-------------+----------------+-------------+----------+----------------+----------+------------------+
* Slice Loads column represents load cell count of all cell types other than IO, GT and clock resources
** IO Loads column represents load cell count of IO types
*** Clocking Loads column represents load cell count that are clock resources (global clock buffer, MMCM, PLL, etc)
**** GT Loads column represents load cell count of GT types


+----+----+----+
|    | X0 | X1 |
+----+----+----+
| Y2 |  0 |  0 |
| Y1 |  1 |  0 |
| Y0 |  0 |  0 |
+----+----+----+


10. Clock Region Cell Placement per Global Clock: Region X0Y0
-------------------------------------------------------------

+-----------+-------+-----------------+------------+-------------+-----------------+------+--------+------+-----+----+------+-----+---------+-----------------------------------------------------------------------+
| Global Id | Track | Driver Type/Pin | Constraint | Clock Loads | Non-Clock Loads | FF   | LUTRAM | RAMB | DSP | GT | MMCM | PLL | Hard IP | Net                                                                   |
+-----------+-------+-----------------+------------+-------------+-----------------+------+--------+------+-----+----+------+-----+---------+-----------------------------------------------------------------------+
| g0        | n/a   | BUFG/O          | None       |        1335 |               0 | 1329 |      0 |    4 |   0 |  0 |    0 |   0 |       0 | clk_int                                                               |
| g2        | n/a   | BUFG/O          | None       |         135 |               0 |  133 |      0 |    1 |   0 |  0 |    0 |   0 |       0 | core_inst/eth_mac_inst/eth_mac_1g_mii_inst/mii_phy_if_inst/phy_tx_clk |
+-----------+-------+-----------------+------------+-------------+-----------------+------+--------+------+-----+----+------+-----+---------+-----------------------------------------------------------------------+
* Clock Loads column represents the clock pin loads (pin count)
** Non-Clock Loads column represents the non-clock pin loads (pin count)
*** Columns FF, LUTRAM, RAMB through 'Hard IP' represents load cell counts


11. Clock Region Cell Placement per Global Clock: Region X1Y0
-------------------------------------------------------------

+-----------+-------+-----------------+------------+-------------+-----------------+-----+--------+------+-----+----+------+-----+---------+---------+
| Global Id | Track | Driver Type/Pin | Constraint | Clock Loads | Non-Clock Loads | FF  | LUTRAM | RAMB | DSP | GT | MMCM | PLL | Hard IP | Net     |
+-----------+-------+-----------------+------------+-------------+-----------------+-----+--------+------+-----+----+------+-----+---------+---------+
| g0        | n/a   | BUFG/O          | None       |         694 |               0 | 692 |      0 |    1 |   0 |  0 |    0 |   0 |       0 | clk_int |
+-----------+-------+-----------------+------------+-------------+-----------------+-----+--------+------+-----+----+------+-----+---------+---------+
* Clock Loads column represents the clock pin loads (pin count)
** Non-Clock Loads column represents the non-clock pin loads (pin count)
*** Columns FF, LUTRAM, RAMB through 'Hard IP' represents load cell counts


12. Clock Region Cell Placement per Global Clock: Region X0Y1
-------------------------------------------------------------

+-----------+-------+-----------------+------------+-------------+-----------------+-----+--------+------+-----+----+------+-----+---------+---------------------------------------------------------------------------------+
| Global Id | Track | Driver Type/Pin | Constraint | Clock Loads | Non-Clock Loads | FF  | LUTRAM | RAMB | DSP | GT | MMCM | PLL | Hard IP | Net                                                                             |
+-----------+-------+-----------------+------------+-------------+-----------------+-----+--------+------+-----+----+------+-----+---------+---------------------------------------------------------------------------------+
| g0        | n/a   | BUFG/O          | None       |         289 |               0 | 287 |      0 |    1 |   0 |  0 |    0 |   0 |       0 | clk_int                                                                         |
| g1        | n/a   | BUFR/O          | None       |         203 |               0 | 201 |      0 |    1 |   0 |  0 |    0 |   0 |       0 | core_inst/eth_mac_inst/eth_mac_1g_mii_inst/mii_phy_if_inst/rx_ssio_sdr_inst/CLK |
| g2        | n/a   | BUFG/O          | None       |           5 |               0 |   5 |      0 |    0 |   0 |  0 |    0 |   0 |       0 | core_inst/eth_mac_inst/eth_mac_1g_mii_inst/mii_phy_if_inst/phy_tx_clk           |
| g3        | n/a   | BUFG/O          | None       |           0 |               1 |   0 |      0 |    0 |   0 |  0 |    0 |   0 |       0 | phy_ref_clk_OBUF                                                                |
+-----------+-------+-----------------+------------+-------------+-----------------+-----+--------+------+-----+----+------+-----+---------+---------------------------------------------------------------------------------+
* Clock Loads column represents the clock pin loads (pin count)
** Non-Clock Loads column represents the non-clock pin loads (pin count)
*** Columns FF, LUTRAM, RAMB through 'Hard IP' represents load cell counts


13. Clock Region Cell Placement per Global Clock: Region X1Y1
-------------------------------------------------------------

+-----------+-------+-----------------+------------+-------------+-----------------+-----+--------+------+-----+----+------+-----+---------+---------+
| Global Id | Track | Driver Type/Pin | Constraint | Clock Loads | Non-Clock Loads | FF  | LUTRAM | RAMB | DSP | GT | MMCM | PLL | Hard IP | Net     |
+-----------+-------+-----------------+------------+-------------+-----------------+-----+--------+------+-----+----+------+-----+---------+---------+
| g0        | n/a   | BUFG/O          | None       |         159 |               0 | 159 |      0 |    0 |   0 |  0 |    0 |   0 |       0 | clk_int |
+-----------+-------+-----------------+------------+-------------+-----------------+-----+--------+------+-----+----+------+-----+---------+---------+
* Clock Loads column represents the clock pin loads (pin count)
** Non-Clock Loads column represents the non-clock pin loads (pin count)
*** Columns FF, LUTRAM, RAMB through 'Hard IP' represents load cell counts



# Location of BUFG Primitives 
set_property LOC BUFGCTRL_X0Y17 [get_cells clk_25mhz_bufg_inst]
set_property LOC BUFGCTRL_X0Y16 [get_cells core_inst/eth_mac_inst/eth_mac_1g_mii_inst/mii_phy_if_inst/mii_bufg_inst]
set_property LOC BUFGCTRL_X0Y18 [get_cells clk_bufg_inst]

# Location of BUFIO Primitives 
set_property LOC BUFIO_X0Y4 [get_cells core_inst/eth_mac_inst/eth_mac_1g_mii_inst/mii_phy_if_inst/rx_ssio_sdr_inst/clk_bufio]

# Location of BUFR Primitives 
set_property LOC BUFR_X0Y5 [get_cells core_inst/eth_mac_inst/eth_mac_1g_mii_inst/mii_phy_if_inst/rx_ssio_sdr_inst/clk_bufr]

# Location of IO Primitives which is load of clock spine
set_property LOC IOB_X0Y56 [get_cells phy_ref_clk_OBUF_inst]

# Location of clock ports
set_property LOC IOB_X1Y76 [get_ports clk]
set_property LOC IOB_X0Y72 [get_ports phy_rx_clk]
set_property LOC IOB_X0Y74 [get_ports phy_tx_clk]

# Clock net "core_inst/eth_mac_inst/eth_mac_1g_mii_inst/mii_phy_if_inst/rx_ssio_sdr_inst/CLK" driven by instance "core_inst/eth_mac_inst/eth_mac_1g_mii_inst/mii_phy_if_inst/rx_ssio_sdr_inst/clk_bufr" located at site "BUFR_X0Y5"
#startgroup
create_pblock {CLKAG_core_inst/eth_mac_inst/eth_mac_1g_mii_inst/mii_phy_if_inst/rx_ssio_sdr_inst/CLK}
add_cells_to_pblock [get_pblocks  {CLKAG_core_inst/eth_mac_inst/eth_mac_1g_mii_inst/mii_phy_if_inst/rx_ssio_sdr_inst/CLK}] [get_cells -filter { PRIMITIVE_GROUP != I/O && IS_PRIMITIVE==1 && PRIMITIVE_LEVEL !=INTERNAL } -of_object [get_pins -filter {DIRECTION==IN} -of_objects [get_nets -hierarchical -filter {PARENT=="core_inst/eth_mac_inst/eth_mac_1g_mii_inst/mii_phy_if_inst/rx_ssio_sdr_inst/CLK"}]]]
resize_pblock [get_pblocks {CLKAG_core_inst/eth_mac_inst/eth_mac_1g_mii_inst/mii_phy_if_inst/rx_ssio_sdr_inst/CLK}] -add {CLOCKREGION_X0Y1:CLOCKREGION_X0Y1}
#endgroup

# Clock net "core_inst/eth_mac_inst/eth_mac_1g_mii_inst/mii_phy_if_inst/phy_tx_clk" driven by instance "core_inst/eth_mac_inst/eth_mac_1g_mii_inst/mii_phy_if_inst/mii_bufg_inst" located at site "BUFGCTRL_X0Y16"
#startgroup
create_pblock {CLKAG_core_inst/eth_mac_inst/eth_mac_1g_mii_inst/mii_phy_if_inst/phy_tx_clk}
add_cells_to_pblock [get_pblocks  {CLKAG_core_inst/eth_mac_inst/eth_mac_1g_mii_inst/mii_phy_if_inst/phy_tx_clk}] [get_cells -filter { PRIMITIVE_GROUP != I/O && IS_PRIMITIVE==1 && PRIMITIVE_LEVEL !=INTERNAL } -of_object [get_pins -filter {DIRECTION==IN} -of_objects [get_nets -hierarchical -filter {PARENT=="core_inst/eth_mac_inst/eth_mac_1g_mii_inst/mii_phy_if_inst/phy_tx_clk"}]]]
resize_pblock [get_pblocks {CLKAG_core_inst/eth_mac_inst/eth_mac_1g_mii_inst/mii_phy_if_inst/phy_tx_clk}] -add {CLOCKREGION_X0Y0:CLOCKREGION_X0Y0 CLOCKREGION_X0Y1:CLOCKREGION_X0Y1}
#endgroup

# Clock net "clk_int" driven by instance "clk_bufg_inst" located at site "BUFGCTRL_X0Y18"
#startgroup
create_pblock {CLKAG_clk_int}
add_cells_to_pblock [get_pblocks  {CLKAG_clk_int}] [get_cells -filter { PRIMITIVE_GROUP != I/O && IS_PRIMITIVE==1 && PRIMITIVE_LEVEL !=INTERNAL } -of_object [get_pins -filter {DIRECTION==IN} -of_objects [get_nets -hierarchical -filter {PARENT=="clk_int"}]]]
resize_pblock [get_pblocks {CLKAG_clk_int}] -add {CLOCKREGION_X0Y0:CLOCKREGION_X0Y0 CLOCKREGION_X0Y1:CLOCKREGION_X0Y1 CLOCKREGION_X1Y0:CLOCKREGION_X1Y0 CLOCKREGION_X1Y1:CLOCKREGION_X1Y1}
#endgroup
