Copyright 1986-2019 Xilinx, Inc. All Rights Reserved.
------------------------------------------------------------------------------------
| Tool Version : Vivado v.2019.2 (lin64) Build 2708876 Wed Nov  6 21:39:14 MST 2019
| Date         : Wed Mar 10 21:23:48 2021
| Host         : students running 64-bit Ubuntu 18.04.2 LTS
| Command      : report_control_sets -verbose -file fpga_control_sets_placed.rpt
| Design       : fpga
| Device       : xc7a35t
------------------------------------------------------------------------------------

Control Set Information

Table of Contents
-----------------
1. Summary
2. Histogram
3. Flip-Flop Distribution
4. Detailed Control Set Information

1. Summary
----------

+----------------------------------------------------------+-------+
|                          Status                          | Count |
+----------------------------------------------------------+-------+
| Total control sets                                       |   158 |
|    Minimum number of control sets                        |   158 |
|    Addition due to synthesis replication                 |     0 |
|    Addition due to physical synthesis replication        |     0 |
| Unused register locations in slices containing registers |   359 |
+----------------------------------------------------------+-------+
* Control sets can be merged at opt_design using control_set_merge or merge_equivalent_drivers
** Run report_qor_suggestions for automated merging and remapping suggestions


2. Histogram
------------

+--------------------+-------+
|       Fanout       | Count |
+--------------------+-------+
| Total control sets |   158 |
| >= 0 to < 4        |     5 |
| >= 4 to < 6        |    20 |
| >= 6 to < 8        |     3 |
| >= 8 to < 10       |    60 |
| >= 10 to < 12      |    16 |
| >= 12 to < 14      |     9 |
| >= 14 to < 16      |     6 |
| >= 16              |    39 |
+--------------------+-------+
* Control sets can be remapped at either synth_design or opt_design


3. Flip-Flop Distribution
-------------------------

+--------------+-----------------------+------------------------+-----------------+--------------+
| Clock Enable | Synchronous Set/Reset | Asynchronous Set/Reset | Total Registers | Total Slices |
+--------------+-----------------------+------------------------+-----------------+--------------+
| No           | No                    | No                     |              55 |           39 |
| No           | No                    | Yes                    |              24 |            7 |
| No           | Yes                   | No                     |             224 |           89 |
| Yes          | No                    | No                     |            1842 |          502 |
| Yes          | No                    | Yes                    |               0 |            0 |
| Yes          | Yes                   | No                     |             656 |          191 |
+--------------+-----------------------+------------------------+-----------------+--------------+


4. Detailed Control Set Information
-----------------------------------

+----------------------------------------------------------------------------------+--------------------------------------------------------------------------------------------------------------------+-------------------------------------------------------------------------------------------------------+------------------+----------------+
|                                   Clock Signal                                   |                                                    Enable Signal                                                   |                                            Set/Reset Signal                                           | Slice Load Count | Bel Load Count |
+----------------------------------------------------------------------------------+--------------------------------------------------------------------------------------------------------------------+-------------------------------------------------------------------------------------------------------+------------------+----------------+
|  clk_int                                                                         | core_inst/udp_complete_inst/udp_inst/udp_checksum_gen_inst/payload_fifo/m_axis_tvalid_pipe_reg_reg[1]_0            |                                                                                                       |                1 |              1 |
|  core_inst/eth_mac_inst/eth_mac_1g_mii_inst/mii_phy_if_inst/rx_ssio_sdr_inst/CLK |                                                                                                                    | core_inst/eth_mac_inst/eth_mac_1g_mii_inst/mii_phy_if_inst/rx_rst_reg_reg[0]_0                        |                1 |              3 |
|  clk_int                                                                         |                                                                                                                    | sync_reset_inst/sync_reg_reg[3]_0                                                                     |                1 |              3 |
|  clk_int                                                                         |                                                                                                                    | core_inst/eth_mac_inst/eth_mac_1g_mii_inst/mii_phy_if_inst/rx_rst_reg_reg[0]_0                        |                1 |              3 |
|  core_inst/eth_mac_inst/eth_mac_1g_mii_inst/mii_phy_if_inst/phy_tx_clk           |                                                                                                                    | sync_reset_inst/sync_reg_reg[3]_0                                                                     |                1 |              3 |
|  clk_int                                                                         | core_inst/udp_complete_inst/udp_inst/udp_checksum_gen_inst/m_udp_length_reg[15]_i_1_n_0                            | sync_reset_inst/Q[0]                                                                                  |                2 |              4 |
|  clk_int                                                                         | core_inst/eth_axis_tx_inst/ptr_reg[3]_i_1__2_n_0                                                                   | sync_reset_inst/Q[0]                                                                                  |                2 |              4 |
|  clk_int                                                                         |                                                                                                                    | sync_reset_inst/rst0                                                                                  |                1 |              4 |
|  core_inst/eth_mac_inst/eth_mac_1g_mii_inst/mii_phy_if_inst/phy_tx_clk           | core_inst/eth_mac_inst/eth_mac_1g_mii_inst/eth_mac_1g_inst/axis_gmii_tx_inst/p_0_in                                | core_inst/eth_mac_inst/eth_mac_1g_mii_inst/mii_phy_if_inst/tx_rst_reg_reg[0]_0[0]                     |                3 |              4 |
|  core_inst/eth_mac_inst/eth_mac_1g_mii_inst/mii_phy_if_inst/phy_tx_clk           | core_inst/eth_mac_inst/eth_mac_1g_mii_inst/eth_mac_1g_inst/axis_gmii_tx_inst/p_0_in                                |                                                                                                       |                2 |              4 |
|  clk_int                                                                         | core_inst/udp_complete_inst/ip_complete_inst/arp_inst/arp_cache_inst/valid_mem_reg_0_127_0_0_i_1_n_0               |                                                                                                       |                1 |              4 |
|  clk_int                                                                         | core_inst/udp_complete_inst/udp_inst/udp_checksum_gen_inst/header_fifo_write0_out                                  | sync_reset_inst/Q[0]                                                                                  |                2 |              4 |
|  core_inst/eth_mac_inst/eth_mac_1g_mii_inst/mii_phy_if_inst/phy_tx_clk           |                                                                                                                    | sync_reset_inst/Q[0]                                                                                  |                1 |              4 |
|  core_inst/eth_mac_inst/eth_mac_1g_mii_inst/mii_phy_if_inst/rx_ssio_sdr_inst/CLK |                                                                                                                    | core_inst/eth_mac_inst/eth_mac_1g_mii_inst/mii_phy_if_inst/rx_rst_reg_reg[0]_1[0]                     |                2 |              4 |
|  clk_int                                                                         | core_inst/udp_complete_inst/ip_complete_inst/arp_inst/arp_cache_inst/valid_mem_reg_128_255_0_0_i_1_n_0             |                                                                                                       |                1 |              4 |
|  clk_int                                                                         | core_inst/udp_complete_inst/ip_complete_inst/arp_inst/arp_cache_inst/valid_mem_reg_256_383_0_0_i_1_n_0             |                                                                                                       |                1 |              4 |
|  clk_int                                                                         | core_inst/udp_complete_inst/ip_complete_inst/arp_inst/arp_cache_inst/valid_mem_reg_384_511_0_0_i_1_n_0             |                                                                                                       |                1 |              4 |
|  core_inst/eth_mac_inst/eth_mac_1g_mii_inst/mii_phy_if_inst/rx_ssio_sdr_inst/CLK |                                                                                                                    | sync_reset_inst/Q[0]                                                                                  |                1 |              4 |
|  clk_int                                                                         | core_inst/udp_complete_inst/ip_complete_inst/arp_inst/arp_request_retry_cnt_reg[5]_i_2_n_0                         | core_inst/udp_complete_inst/ip_complete_inst/arp_inst/arp_cache_inst/sync_reg_reg[3]                  |                1 |              4 |
|  core_inst/eth_mac_inst/eth_mac_1g_mii_inst/mii_phy_if_inst/phy_tx_clk           |                                                                                                                    | core_inst/eth_mac_inst/tx_fifo/fifo_inst/m_rst_sync3_reg                                              |                2 |              5 |
|  clk_int                                                                         | core_inst/udp_complete_inst/ip_complete_inst/ip_inst/ip_eth_tx_inst/hdr_ptr_next                                   | core_inst/udp_complete_inst/ip_complete_inst/ip_inst/ip_eth_tx_inst/hdr_ptr_reg[5]_i_1__0_n_0         |                2 |              5 |
|  clk_int                                                                         | core_inst/udp_complete_inst/ip_complete_inst/ip_inst/ip_eth_rx_inst/hdr_ptr_reg[5]_i_1_n_0                         |                                                                                                       |                3 |              5 |
|  clk_int                                                                         | core_inst/udp_complete_inst/ip_complete_inst/arp_inst/arp_eth_rx_inst/ptr_reg[4]_i_2_n_0                           | core_inst/eth_axis_rx_inst/SR[0]                                                                      |                2 |              5 |
|  clk_int                                                                         |                                                                                                                    | core_inst/eth_mac_inst/rx_fifo/fifo_inst/m_rst_sync3_reg                                              |                2 |              5 |
|  clk_int                                                                         | core_inst/udp_complete_inst/ip_complete_inst/arp_inst/arp_eth_tx_inst/ptr_reg[4]_i_1__0_n_0                        | sync_reset_inst/Q[0]                                                                                  |                4 |              5 |
|  core_inst/eth_mac_inst/eth_mac_1g_mii_inst/mii_phy_if_inst/phy_tx_clk           |                                                                                                                    |                                                                                                       |                6 |              6 |
|  clk_int                                                                         | core_inst/udp_complete_inst/ip_complete_inst/arp_inst/arp_request_operation_reg_reg_0                              | core_inst/udp_complete_inst/ip_arb_mux_inst/m_ip_dest_ip_reg_reg[21]_0                                |                2 |              7 |
|  core_inst/eth_mac_inst/eth_mac_1g_mii_inst/mii_phy_if_inst/rx_ssio_sdr_inst/CLK | core_inst/eth_mac_inst/eth_mac_1g_mii_inst/eth_mac_1g_inst/axis_gmii_rx_inst/mii_odd                               | core_inst/eth_mac_inst/eth_mac_1g_mii_inst/mii_phy_if_inst/rx_rst_reg_reg[0]_1[0]                     |                2 |              7 |
|  clk_int                                                                         | core_inst/udp_complete_inst/ip_complete_inst/arp_inst/arp_eth_rx_inst/m_arp_tpa_reg[23]_i_1_n_0                    |                                                                                                       |                2 |              8 |
|  clk_int                                                                         | core_inst/udp_complete_inst/ip_complete_inst/arp_inst/arp_eth_rx_inst/m_arp_tpa_reg[31]_i_1_n_0                    |                                                                                                       |                1 |              8 |
|  clk_int                                                                         | core_inst/udp_complete_inst/ip_complete_inst/arp_inst/arp_eth_rx_inst/m_arp_sha_reg[23]_i_1_n_0                    |                                                                                                       |                2 |              8 |
|  clk_int                                                                         | core_inst/udp_complete_inst/ip_complete_inst/ip_inst/ip_eth_rx_inst/store_ip_length_1                              |                                                                                                       |                4 |              8 |
|  clk_int                                                                         | core_inst/udp_complete_inst/ip_complete_inst/arp_inst/arp_eth_rx_inst/m_arp_spa_reg[7]_i_1_n_0                     |                                                                                                       |                1 |              8 |
|  clk_int                                                                         | core_inst/udp_complete_inst/ip_complete_inst/arp_inst/arp_eth_rx_inst/m_arp_spa_reg[31]_i_1_n_0                    |                                                                                                       |                4 |              8 |
|  clk_int                                                                         | core_inst/udp_complete_inst/ip_complete_inst/arp_inst/arp_eth_rx_inst/m_arp_spa_reg[23]_i_1_n_0                    |                                                                                                       |                4 |              8 |
|  clk_int                                                                         | core_inst/udp_complete_inst/ip_complete_inst/arp_inst/arp_eth_rx_inst/m_arp_spa_reg[15]_i_1_n_0                    |                                                                                                       |                1 |              8 |
|  clk_int                                                                         | core_inst/udp_complete_inst/ip_complete_inst/arp_inst/arp_eth_rx_inst/m_arp_sha_reg[7]_i_1_n_0                     |                                                                                                       |                2 |              8 |
|  clk_int                                                                         | core_inst/udp_complete_inst/ip_complete_inst/arp_inst/arp_eth_rx_inst/m_arp_sha_reg[47]_i_1_n_0                    |                                                                                                       |                2 |              8 |
|  clk_int                                                                         | core_inst/udp_complete_inst/ip_complete_inst/arp_inst/arp_eth_rx_inst/m_arp_sha_reg[39]_i_1_n_0                    |                                                                                                       |                2 |              8 |
|  clk_int                                                                         | core_inst/udp_complete_inst/ip_complete_inst/arp_inst/arp_eth_rx_inst/m_arp_sha_reg[31]_i_1_n_0                    |                                                                                                       |                2 |              8 |
|  clk_int                                                                         | core_inst/udp_complete_inst/ip_complete_inst/arp_inst/arp_eth_rx_inst/m_arp_sha_reg[15]_i_1_n_0                    |                                                                                                       |                2 |              8 |
|  clk_int                                                                         | core_inst/udp_complete_inst/ip_complete_inst/arp_inst/arp_eth_rx_inst/m_arp_ptype_reg[15]_i_1_n_0                  |                                                                                                       |                2 |              8 |
|  clk_int                                                                         | core_inst/udp_complete_inst/ip_complete_inst/arp_inst/arp_eth_rx_inst/m_arp_oper_reg[7]_i_1_n_0                    |                                                                                                       |                2 |              8 |
|  clk_int                                                                         | core_inst/udp_complete_inst/ip_complete_inst/arp_inst/arp_eth_rx_inst/m_arp_oper_reg[15]_i_1_n_0                   |                                                                                                       |                2 |              8 |
|  clk_int                                                                         | core_inst/udp_complete_inst/ip_complete_inst/ip_inst/ip_eth_tx_inst/hdr_sum_next                                   | core_inst/udp_complete_inst/ip_complete_inst/ip_inst/ip_eth_tx_inst/hdr_sum_reg[15]_i_1_n_0           |                2 |              8 |
|  clk_int                                                                         | core_inst/udp_complete_inst/ip_complete_inst/ip_inst/ip_eth_tx_inst/hdr_sum_next                                   |                                                                                                       |                4 |              8 |
|  clk_int                                                                         | core_inst/udp_complete_inst/ip_complete_inst/ip_inst/ip_eth_rx_inst/store_ip_version_ihl                           |                                                                                                       |                3 |              8 |
|  clk_int                                                                         | core_inst/udp_complete_inst/ip_complete_inst/arp_inst/arp_eth_rx_inst/ptr_reg_reg[2]_0[0]                          |                                                                                                       |                2 |              8 |
|  clk_int                                                                         | core_inst/udp_complete_inst/udp_inst/udp_ip_rx_inst/store_udp_source_port_1                                        |                                                                                                       |                3 |              8 |
|  clk_int                                                                         | core_inst/udp_complete_inst/udp_inst/udp_ip_rx_inst/store_udp_length_1                                             |                                                                                                       |                3 |              8 |
|  clk_int                                                                         | core_inst/udp_complete_inst/udp_inst/udp_ip_rx_inst/store_udp_length_0                                             |                                                                                                       |                4 |              8 |
|  clk_int                                                                         | core_inst/udp_complete_inst/udp_inst/udp_ip_rx_inst/store_udp_dest_port_1                                          |                                                                                                       |                2 |              8 |
|  clk_int                                                                         | core_inst/udp_complete_inst/udp_inst/udp_ip_rx_inst/store_udp_dest_port_0                                          |                                                                                                       |                2 |              8 |
|  clk_int                                                                         | core_inst/udp_complete_inst/udp_inst/udp_ip_rx_inst/store_last_word                                                |                                                                                                       |                3 |              8 |
|  clk_int                                                                         | core_inst/udp_complete_inst/udp_inst/udp_ip_rx_inst/m_udp_source_port_reg[7]_i_1_n_0                               |                                                                                                       |                5 |              8 |
|  clk_int                                                                         | core_inst/udp_complete_inst/ip_complete_inst/ip_inst/ip_eth_tx_inst/store_last_word                                |                                                                                                       |                2 |              8 |
|  clk_int                                                                         | core_inst/udp_complete_inst/udp_inst/udp_ip_tx_inst/last_word_data_reg[7]_i_1__2_n_0                               |                                                                                                       |                3 |              8 |
|  clk_int                                                                         | core_inst/udp_complete_inst/ip_complete_inst/ip_inst/ip_eth_rx_inst/store_ip_source_ip_3                           |                                                                                                       |                2 |              8 |
|  clk_int                                                                         | core_inst/udp_complete_inst/ip_complete_inst/arp_inst/arp_eth_rx_inst/m_arp_tha_reg[23]_i_1_n_0                    |                                                                                                       |                2 |              8 |
|  clk_int                                                                         | core_inst/udp_complete_inst/ip_complete_inst/ip_inst/ip_eth_rx_inst/store_ip_source_ip_2                           |                                                                                                       |                1 |              8 |
|  clk_int                                                                         | core_inst/udp_complete_inst/ip_complete_inst/ip_inst/ip_eth_rx_inst/store_ip_length_0                              |                                                                                                       |                4 |              8 |
|  clk_int                                                                         | core_inst/udp_complete_inst/ip_complete_inst/ip_inst/ip_eth_rx_inst/store_ip_source_ip_1                           |                                                                                                       |                1 |              8 |
|  clk_int                                                                         | core_inst/udp_complete_inst/ip_complete_inst/ip_inst/ip_eth_rx_inst/store_ip_source_ip_0                           |                                                                                                       |                3 |              8 |
|  clk_int                                                                         | core_inst/udp_complete_inst/ip_complete_inst/ip_inst/ip_eth_rx_inst/store_ip_protocol                              |                                                                                                       |                3 |              8 |
|  clk_int                                                                         | core_inst/udp_complete_inst/ip_complete_inst/arp_inst/arp_eth_rx_inst/m_arp_ptype_reg[7]_i_1_n_0                   |                                                                                                       |                2 |              8 |
|  clk_int                                                                         | core_inst/udp_complete_inst/ip_complete_inst/ip_inst/ip_eth_rx_inst/store_last_word                                |                                                                                                       |                2 |              8 |
|  clk_int                                                                         | core_inst/udp_payload_fifo/E[0]                                                                                    | sync_reset_inst/Q[0]                                                                                  |                2 |              8 |
|  clk_int                                                                         | core_inst/udp_complete_inst/ip_complete_inst/arp_inst/arp_eth_rx_inst/m_arp_htype_reg[15]_i_1_n_0                  |                                                                                                       |                2 |              8 |
|  clk_int                                                                         | core_inst/udp_complete_inst/ip_complete_inst/arp_inst/arp_eth_rx_inst/m_arp_tha_reg[7]_i_1_n_0                     |                                                                                                       |                2 |              8 |
|  clk_int                                                                         | core_inst/udp_complete_inst/ip_complete_inst/arp_inst/arp_eth_rx_inst/m_arp_tha_reg[39]_i_1_n_0                    |                                                                                                       |                2 |              8 |
|  clk_int                                                                         | core_inst/udp_complete_inst/ip_complete_inst/arp_inst/arp_eth_rx_inst/m_arp_tpa_reg[15]_i_1_n_0                    |                                                                                                       |                2 |              8 |
|  clk_int                                                                         | core_inst/eth_axis_rx_inst/m_eth_src_mac_reg[15]_i_1_n_0                                                           |                                                                                                       |                1 |              8 |
|  clk_int                                                                         | core_inst/eth_axis_rx_inst/m_eth_src_mac_reg[23]_i_1_n_0                                                           |                                                                                                       |                1 |              8 |
|  clk_int                                                                         | core_inst/eth_axis_rx_inst/m_eth_src_mac_reg[31]_i_1_n_0                                                           |                                                                                                       |                2 |              8 |
|  clk_int                                                                         | core_inst/eth_axis_rx_inst/m_eth_src_mac_reg[39]_i_1_n_0                                                           |                                                                                                       |                2 |              8 |
|  clk_int                                                                         | core_inst/eth_axis_rx_inst/m_eth_src_mac_reg[47]_i_1__0_n_0                                                        |                                                                                                       |                2 |              8 |
|  clk_int                                                                         | core_inst/eth_axis_rx_inst/m_eth_src_mac_reg[7]_i_1_n_0                                                            |                                                                                                       |                3 |              8 |
|  clk_int                                                                         | core_inst/eth_axis_rx_inst/m_eth_type_reg[15]_i_1_n_0                                                              |                                                                                                       |                1 |              8 |
|  clk_int                                                                         | core_inst/eth_axis_rx_inst/m_eth_type_reg[7]_i_1_n_0                                                               |                                                                                                       |                2 |              8 |
|  clk_int                                                                         | core_inst/udp_complete_inst/ip_complete_inst/arp_inst/arp_eth_rx_inst/m_arp_tha_reg[47]_i_1_n_0                    |                                                                                                       |                1 |              8 |
|  clk_int                                                                         | core_inst/udp_complete_inst/ip_complete_inst/arp_inst/arp_eth_rx_inst/m_arp_tha_reg[31]_i_1_n_0                    |                                                                                                       |                1 |              8 |
|  clk_int                                                                         | core_inst/udp_complete_inst/ip_complete_inst/arp_inst/arp_eth_rx_inst/m_arp_tha_reg[15]_i_1_n_0                    |                                                                                                       |                2 |              8 |
|  clk_int                                                                         | core_inst/udp_complete_inst/ip_complete_inst/arp_inst/arp_eth_rx_inst/m_arp_htype_reg[7]_i_1_n_0                   |                                                                                                       |                2 |              8 |
|  core_inst/eth_mac_inst/eth_mac_1g_mii_inst/mii_phy_if_inst/phy_tx_clk           | core_inst/eth_mac_inst/eth_mac_1g_mii_inst/eth_mac_1g_inst/axis_gmii_tx_inst/s_tdata_next                          | core_inst/eth_mac_inst/eth_mac_1g_mii_inst/eth_mac_1g_inst/axis_gmii_tx_inst/s_tdata_reg[7]_i_1_n_0   |                2 |              8 |
|  core_inst/eth_mac_inst/eth_mac_1g_mii_inst/mii_phy_if_inst/rx_ssio_sdr_inst/CLK |                                                                                                                    | core_inst/eth_mac_inst/eth_mac_1g_mii_inst/eth_mac_1g_inst/axis_gmii_rx_inst/state_next2              |                2 |              9 |
|  clk_int                                                                         | core_inst/udp_complete_inst/ip_complete_inst/eth_arb_mux_inst/arb_inst/m_eth_payload_axis_tready_int_reg_reg_0[0]  |                                                                                                       |                3 |              9 |
|  clk_int                                                                         | core_inst/udp_complete_inst/ip_complete_inst/eth_arb_mux_inst/arb_inst/m_eth_payload_axis_tvalid_reg_reg[0]        |                                                                                                       |                2 |              9 |
|  clk_int                                                                         | core_inst/udp_complete_inst/ip_complete_inst/arp_inst/arp_cache_inst/wr_ptr_reg[8]_i_1_n_0                         | sync_reset_inst/Q[0]                                                                                  |                6 |              9 |
|  clk_int                                                                         | core_inst/eth_axis_rx_inst/store_eth_payload_int_to_temp                                                           |                                                                                                       |                2 |             10 |
|  clk_int                                                                         | core_inst/udp_complete_inst/ip_complete_inst/ip_inst/ip_eth_rx_inst/m_ip_payload_axis_tdata_reg[7]_i_1__0_n_0      |                                                                                                       |                6 |             10 |
|  clk_int                                                                         | core_inst/udp_complete_inst/ip_complete_inst/eth_arb_mux_inst/store_axis_int_to_temp                               |                                                                                                       |                2 |             10 |
|  clk_int                                                                         | core_inst/udp_complete_inst/ip_complete_inst/eth_arb_mux_inst/m_eth_payload_axis_tuser_reg                         |                                                                                                       |                3 |             10 |
|  clk_int                                                                         | core_inst/udp_complete_inst/ip_complete_inst/ip_inst/ip_eth_rx_inst/temp_m_ip_payload_axis_tdata_reg[7]_i_1__1_n_0 |                                                                                                       |                3 |             10 |
|  clk_int                                                                         | core_inst/eth_mac_inst/tx_fifo/fifo_inst/s_rst_sync3_reg_reg_0[0]                                                  |                                                                                                       |                3 |             10 |
|  clk_int                                                                         | core_inst/udp_complete_inst/ip_complete_inst/eth_arb_mux_inst/arb_inst/E[0]                                        |                                                                                                       |                2 |             10 |
|  clk_int                                                                         | core_inst/udp_complete_inst/ip_complete_inst/eth_arb_mux_inst/arb_inst/grant_encoded_reg_reg[0]_5[0]               |                                                                                                       |                2 |             10 |
|  clk_int                                                                         | core_inst/udp_complete_inst/ip_arb_mux_inst/store_axis_int_to_temp                                                 |                                                                                                       |                2 |             10 |
|  clk_int                                                                         | core_inst/udp_complete_inst/udp_inst/udp_ip_tx_inst/m_ip_payload_axis_tdata_reg[7]_i_1__1_n_0                      |                                                                                                       |                3 |             10 |
|  clk_int                                                                         | core_inst/udp_complete_inst/ip_arb_mux_inst/m_ip_payload_axis_tuser_reg                                            |                                                                                                       |                4 |             10 |
|  clk_int                                                                         | core_inst/eth_mac_inst/tx_fifo/fifo_inst/E[0]                                                                      |                                                                                                       |                2 |             10 |
|  clk_int                                                                         | core_inst/udp_complete_inst/udp_inst/udp_ip_rx_inst/m_udp_payload_axis_tdata_reg[7]_i_1_n_0                        |                                                                                                       |                6 |             10 |
|  clk_int                                                                         | core_inst/udp_complete_inst/udp_inst/udp_ip_rx_inst/temp_m_udp_payload_axis_tdata_reg[7]_i_1_n_0                   |                                                                                                       |                3 |             10 |
|  clk_int                                                                         | core_inst/udp_complete_inst/ip_arb_mux_inst/arb_inst/E[0]                                                          |                                                                                                       |                3 |             10 |
|  clk_int                                                                         | core_inst/eth_axis_rx_inst/m_eth_payload_axis_tuser_reg                                                            |                                                                                                       |                3 |             10 |
|  core_inst/eth_mac_inst/eth_mac_1g_mii_inst/mii_phy_if_inst/rx_ssio_sdr_inst/CLK |                                                                                                                    |                                                                                                       |                5 |             12 |
|  clk_int                                                                         | core_inst/udp_complete_inst/udp_inst/udp_checksum_gen_inst/payload_fifo/p_0_in_0                                   | sync_reset_inst/Q[0]                                                                                  |                3 |             12 |
|  clk_int                                                                         | core_inst/eth_mac_inst/tx_fifo/fifo_inst/wr_ptr_reg[12]_i_1_n_0                                                    | core_inst/eth_mac_inst/tx_fifo/fifo_inst/s_rst_sync3_reg                                              |                3 |             13 |
|  core_inst/eth_mac_inst/eth_mac_1g_mii_inst/mii_phy_if_inst/phy_tx_clk           | core_inst/eth_mac_inst/tx_fifo/fifo_inst/wr_ptr_gray_sync1_reg0                                                    | core_inst/eth_mac_inst/tx_fifo/fifo_inst/m_rst_sync3_reg                                              |                3 |             13 |
|  core_inst/eth_mac_inst/eth_mac_1g_mii_inst/mii_phy_if_inst/rx_ssio_sdr_inst/CLK | core_inst/eth_mac_inst/eth_mac_1g_mii_inst/eth_mac_1g_inst/axis_gmii_rx_inst/E[0]                                  | core_inst/eth_mac_inst/rx_fifo/fifo_inst/SR[0]                                                        |                5 |             13 |
|  core_inst/eth_mac_inst/eth_mac_1g_mii_inst/mii_phy_if_inst/rx_ssio_sdr_inst/CLK | core_inst/eth_mac_inst/rx_fifo/fifo_inst/wr_ptr_reg[12]_i_1__0_n_0                                                 | core_inst/eth_mac_inst/rx_fifo/fifo_inst/SR[0]                                                        |                2 |             13 |
|  clk_int                                                                         | core_inst/eth_mac_inst/tx_fifo/fifo_inst/wr_ptr_gray_reg_0                                                         | core_inst/eth_mac_inst/tx_fifo/fifo_inst/s_rst_sync3_reg                                              |                4 |             13 |
|  clk_int                                                                         | core_inst/udp_complete_inst/ip_complete_inst/arp_inst/arp_cache_inst/query_response_valid_reg_reg_2                | sync_reset_inst/Q[0]                                                                                  |                5 |             13 |
|  clk_int                                                                         | core_inst/eth_mac_inst/rx_fifo/fifo_inst/wr_ptr_gray_sync1_reg0                                                    | core_inst/eth_mac_inst/rx_fifo/fifo_inst/m_rst_sync3_reg                                              |                4 |             13 |
|  clk_int                                                                         | core_inst/eth_mac_inst/tx_fifo/fifo_inst/wr_ptr_sync_gray_reg[12]_i_1_n_0                                          | core_inst/eth_mac_inst/tx_fifo/fifo_inst/s_rst_sync3_reg                                              |                5 |             14 |
|  clk_int                                                                         | core_inst/udp_complete_inst/ip_complete_inst/arp_inst/arp_eth_rx_inst/m_arp_htype_reg_reg[10]_0                    |                                                                                                       |                2 |             14 |
|  core_inst/eth_mac_inst/eth_mac_1g_mii_inst/mii_phy_if_inst/rx_ssio_sdr_inst/CLK | core_inst/eth_mac_inst/rx_fifo/fifo_inst/wr_ptr_sync_gray_reg[12]_i_1__0_n_0                                       | core_inst/eth_mac_inst/rx_fifo/fifo_inst/SR[0]                                                        |                4 |             14 |
|  clk_int                                                                         | core_inst/udp_complete_inst/udp_inst/udp_checksum_gen_inst/payload_fifo/m_axis_tvalid_pipe_reg_reg[1]_0            | core_inst/udp_complete_inst/udp_inst/udp_checksum_gen_inst/payload_fifo/state_reg_reg[2]              |                4 |             14 |
|  clk_int                                                                         | core_inst/udp_payload_fifo/p_0_in_0                                                                                | sync_reset_inst/Q[0]                                                                                  |                4 |             14 |
|  clk_int                                                                         | core_inst/udp_complete_inst/ip_complete_inst/ip_inst/ip_eth_rx_inst/word_count_reg[15]_i_1_n_0                     |                                                                                                       |                7 |             15 |
|  clk_int                                                                         | core_inst/udp_complete_inst/ip_complete_inst/arp_inst/arp_eth_rx_inst/read_eth_header_next16_out                   |                                                                                                       |                5 |             16 |
|  clk_int                                                                         | core_inst/udp_complete_inst/udp_inst/udp_ip_rx_inst/word_count_next_0                                              |                                                                                                       |                4 |             16 |
|  clk_int                                                                         | core_inst/udp_complete_inst/ip_complete_inst/ip_inst/ip_eth_tx_inst/word_count_next                                |                                                                                                       |                6 |             16 |
|  core_inst/eth_mac_inst/eth_mac_1g_mii_inst/mii_phy_if_inst/phy_tx_clk           | core_inst/eth_mac_inst/eth_mac_1g_mii_inst/eth_mac_1g_inst/axis_gmii_tx_inst/frame_ptr_reg[15]_i_1_n_0             | core_inst/eth_mac_inst/eth_mac_1g_mii_inst/mii_phy_if_inst/tx_rst_reg_reg[0]_0[0]                     |                6 |             16 |
|  clk_int                                                                         | core_inst/udp_complete_inst/udp_inst/udp_ip_tx_inst/word_count_next                                                |                                                                                                       |                4 |             16 |
|  clk_int                                                                         | core_inst/udp_complete_inst/ip_complete_inst/ip_inst/ip_eth_rx_inst/hdr_ptr_reg[5]_i_1_n_0                         | core_inst/udp_complete_inst/ip_complete_inst/ip_inst/ip_eth_rx_inst/hdr_ptr_reg[0]_i_1_n_0            |                5 |             17 |
|  clk_int                                                                         | core_inst/udp_complete_inst/ip_complete_inst/arp_inst/arp_eth_rx_inst/m_arp_htype_reg_reg[10]_0                    | core_inst/udp_complete_inst/ip_complete_inst/arp_inst/arp_cache_inst/outgoing_arp_tha_next            |                4 |             18 |
|  clk_int                                                                         | core_inst/udp_complete_inst/ip_complete_inst/arp_inst/arp_request_operation_reg                                    | core_inst/udp_complete_inst/ip_complete_inst/arp_inst/arp_cache_inst/sync_reg_reg[3]                  |                5 |             23 |
|  clk_int                                                                         | core_inst/udp_complete_inst/udp_inst/udp_checksum_gen_inst/payload_fifo/rd_ptr_reg_rep[10]_i_1_n_0                 | sync_reset_inst/Q[0]                                                                                  |                7 |             23 |
|  core_inst/eth_mac_inst/eth_mac_1g_mii_inst/mii_phy_if_inst/rx_ssio_sdr_inst/CLK | core_inst/eth_mac_inst/rx_fifo/fifo_inst/wr_ptr_cur_reg__0                                                         | core_inst/eth_mac_inst/rx_fifo/fifo_inst/SR[0]                                                        |                7 |             26 |
|  clk_int                                                                         | core_inst/eth_mac_inst/tx_fifo/fifo_inst/wr_ptr_cur_reg__0                                                         | core_inst/eth_mac_inst/tx_fifo/fifo_inst/s_rst_sync3_reg                                              |                7 |             26 |
|  clk_int                                                                         | core_inst/udp_complete_inst/udp_inst/udp_checksum_gen_inst/payload_fifo/state_reg_reg[0][0]                        | sync_reset_inst/Q[0]                                                                                  |                8 |             27 |
|  core_inst/eth_mac_inst/eth_mac_1g_mii_inst/mii_phy_if_inst/rx_ssio_sdr_inst/CLK |                                                                                                                    | core_inst/eth_mac_inst/rx_fifo/fifo_inst/SR[0]                                                        |                5 |             28 |
|  clk_int                                                                         |                                                                                                                    | core_inst/eth_mac_inst/tx_fifo/fifo_inst/s_rst_sync3_reg                                              |                5 |             28 |
|  clk_int                                                                         | core_inst/udp_complete_inst/udp_inst/udp_ip_rx_inst/store_ip_hdr                                                   |                                                                                                       |                8 |             32 |
|  core_inst/eth_mac_inst/eth_mac_1g_mii_inst/mii_phy_if_inst/rx_ssio_sdr_inst/CLK | core_inst/eth_mac_inst/eth_mac_1g_mii_inst/eth_mac_1g_inst/axis_gmii_rx_inst/m_axis_tvalid_reg_i_1_n_0             | core_inst/eth_mac_inst/eth_mac_1g_mii_inst/eth_mac_1g_inst/axis_gmii_rx_inst/crc_state[31]_i_1_n_0    |               10 |             32 |
|  core_inst/eth_mac_inst/eth_mac_1g_mii_inst/mii_phy_if_inst/phy_tx_clk           | core_inst/eth_mac_inst/eth_mac_1g_mii_inst/eth_mac_1g_inst/axis_gmii_tx_inst/update_crc1_out                       | core_inst/eth_mac_inst/eth_mac_1g_mii_inst/eth_mac_1g_inst/axis_gmii_tx_inst/crc_state[31]_i_1__0_n_0 |               11 |             32 |
|  clk_int                                                                         | core_inst/udp_complete_inst/udp_inst/udp_checksum_gen_inst/payload_fifo/E[0]                                       |                                                                                                       |               16 |             32 |
|  core_inst/eth_mac_inst/eth_mac_1g_mii_inst/mii_phy_if_inst/rx_ssio_sdr_inst/CLK | core_inst/eth_mac_inst/eth_mac_1g_mii_inst/eth_mac_1g_inst/axis_gmii_rx_inst/mii_odd                               |                                                                                                       |                8 |             36 |
|  clk_int                                                                         | core_inst/udp_complete_inst/ip_complete_inst/arp_inst/arp_cache_inst/query_request_ready_reg_reg_1                 |                                                                                                       |               11 |             36 |
|  clk_int                                                                         |                                                                                                                    |                                                                                                       |               28 |             37 |
|  core_inst/eth_mac_inst/eth_mac_1g_mii_inst/mii_phy_if_inst/phy_tx_clk           | core_inst/eth_mac_inst/tx_fifo/fifo_inst/rd_ptr_reg_rep[11]_i_1_n_0                                                | core_inst/eth_mac_inst/tx_fifo/fifo_inst/m_rst_sync3_reg                                              |                9 |             38 |
|  clk_int                                                                         | core_inst/eth_mac_inst/rx_fifo/fifo_inst/rd_ptr_reg_rep[11]_i_1__0_n_0                                             | core_inst/eth_mac_inst/rx_fifo/fifo_inst/m_rst_sync3_reg                                              |               10 |             38 |
|  clk_int                                                                         |                                                                                                                    | core_inst/udp_complete_inst/ip_complete_inst/arp_inst/arp_response_mac_reg[47]_i_1_n_0                |               15 |             48 |
|  clk_int                                                                         | core_inst/udp_complete_inst/ip_complete_inst/ip_inst/outgoing_eth_dest_mac_next                                    |                                                                                                       |                7 |             48 |
|  clk_int                                                                         | core_inst/eth_axis_rx_inst/m_eth_hdr_valid_reg_reg_2[0]                                                            |                                                                                                       |                8 |             49 |
|  clk_int                                                                         | core_inst/udp_complete_inst/ip_complete_inst/eth_arb_mux_inst/store_eth_hdr                                        |                                                                                                       |               12 |             50 |
|  clk_int                                                                         | core_inst/udp_complete_inst/ip_complete_inst/eth_arb_mux_inst/arb_inst/frame_reg0                                  |                                                                                                       |               11 |             50 |
|  clk_int                                                                         | core_inst/udp_complete_inst/udp_inst/udp_checksum_gen_inst/ip_dest_ip_reg[31]_i_1_n_0                              |                                                                                                       |               27 |             65 |
|  clk_int                                                                         | core_inst/udp_complete_inst/ip_arb_mux_inst/arb_inst/grant_valid_reg_reg_2[0]                                      |                                                                                                       |               22 |             72 |
|  clk_int                                                                         | core_inst/udp_complete_inst/ip_complete_inst/arp_inst/arp_eth_rx_inst/m_arp_htype_reg_reg[10]_1[0]                 |                                                                                                       |               23 |             80 |
|  clk_int                                                                         | core_inst/udp_complete_inst/ip_complete_inst/arp_inst/arp_cache_inst/store_write                                   |                                                                                                       |               20 |             80 |
|  clk_int                                                                         |                                                                                                                    | sync_reset_inst/Q[0]                                                                                  |               56 |             97 |
|  clk_int                                                                         | core_inst/udp_complete_inst/ip_complete_inst/arp_inst/arp_eth_rx_inst/m_arp_oper_reg_reg[1]_0[0]                   | core_inst/udp_complete_inst/ip_complete_inst/arp_inst/arp_cache_inst/outgoing_arp_tha_next            |               22 |             99 |
|  clk_int                                                                         | core_inst/udp_complete_inst/udp_inst/udp_checksum_gen_inst/m_udp_length_reg[15]_i_1_n_0                            |                                                                                                       |               24 |            119 |
|  clk_int                                                                         | core_inst/udp_complete_inst/ip_complete_inst/ip_inst/ip_eth_tx_inst/store_ip_hdr                                   |                                                                                                       |               32 |            121 |
|  clk_int                                                                         | core_inst/udp_complete_inst/ip_complete_inst/arp_inst/arp_eth_tx_inst/store_frame                                  |                                                                                                       |               28 |            132 |
|  clk_int                                                                         | core_inst/udp_complete_inst/udp_inst/udp_ip_tx_inst/store_udp_hdr                                                  |                                                                                                       |               38 |            135 |
|  clk_int                                                                         | core_inst/udp_complete_inst/udp_inst/udp_checksum_gen_inst/header_fifo_write0_out                                  |                                                                                                       |               24 |            186 |
+----------------------------------------------------------------------------------+--------------------------------------------------------------------------------------------------------------------+-------------------------------------------------------------------------------------------------------+------------------+----------------+


